2023-11-19 00:37:22,187 INFO org.hibernate.validator.internal.util.Version [background-preinit] HV000001: Hibernate Validator 6.2.0.Final
2023-11-19 00:37:22,190 INFO org.springframework.boot.StartupInfoLogger [main] Starting BackendApplication using Java 20.0.2.1 on Puranjais-MacBook-Pro.local with PID 76557 (/Users/puranjaigarg/projects/usfca/logviz/logviz-backend/target/classes started by puranjaigarg in /Users/puranjaigarg/projects/usfca/logviz/logviz-backend)
2023-11-19 00:37:22,190 INFO org.springframework.boot.SpringApplication [main] The following profiles are active: dev
2023-11-19 00:37:22,747 INFO org.springframework.boot.web.embedded.tomcat.TomcatWebServer [main] Tomcat initialized with port(s): 10300 (http)
2023-11-19 00:37:22,751 INFO org.apache.juli.logging.DirectJDKLog [main] Initializing ProtocolHandler ["http-nio-10300"]
2023-11-19 00:37:22,751 INFO org.apache.juli.logging.DirectJDKLog [main] Starting service [Tomcat]
2023-11-19 00:37:22,751 INFO org.apache.juli.logging.DirectJDKLog [main] Starting Servlet engine: [Apache Tomcat/9.0.54]
2023-11-19 00:37:22,793 INFO org.apache.juli.logging.DirectJDKLog [main] Initializing Spring embedded WebApplicationContext
2023-11-19 00:37:22,793 INFO org.springframework.boot.web.servlet.context.ServletWebServerApplicationContext [main] Root WebApplicationContext: initialization completed in 587 ms
2023-11-19 00:37:23,126 INFO org.springframework.boot.autoconfigure.security.servlet.UserDetailsServiceAutoConfiguration [main] 

Using generated security password: 4f387bf2-fb8d-40ed-96b0-979647033266

2023-11-19 00:37:23,166 INFO org.springframework.security.web.DefaultSecurityFilterChain [main] Will secure any request with [org.springframework.security.web.context.request.async.WebAsyncManagerIntegrationFilter@4f541e67, org.springframework.security.web.context.SecurityContextPersistenceFilter@5f3f57ff, org.springframework.security.web.header.HeaderWriterFilter@b8b2184, org.springframework.web.filter.CorsFilter@2be50bba, org.springframework.security.web.authentication.logout.LogoutFilter@23c05889, org.springframework.security.web.savedrequest.RequestCacheAwareFilter@3c64339f, org.springframework.security.web.servletapi.SecurityContextHolderAwareRequestFilter@bcfe29c, org.springframework.security.web.authentication.AnonymousAuthenticationFilter@3514ac7d, org.springframework.security.web.session.SessionManagementFilter@5996d6f2, org.springframework.security.web.access.ExceptionTranslationFilter@33430fc]
2023-11-19 00:37:23,257 INFO org.apache.juli.logging.DirectJDKLog [main] Starting ProtocolHandler ["http-nio-10300"]
2023-11-19 00:37:23,264 INFO org.springframework.boot.web.embedded.tomcat.TomcatWebServer [main] Tomcat started on port(s): 10300 (http) with context path '/data-service'
2023-11-19 00:37:23,342 INFO org.springframework.boot.StartupInfoLogger [main] Started BackendApplication in 1.318 seconds (JVM running for 1.573)
2023-11-19 00:38:23,024 INFO org.apache.juli.logging.DirectJDKLog [http-nio-10300-exec-1] Initializing Spring DispatcherServlet 'dispatcherServlet'
2023-11-19 00:38:23,024 INFO org.springframework.web.servlet.FrameworkServlet [http-nio-10300-exec-1] Initializing Servlet 'dispatcherServlet'
2023-11-19 00:38:23,027 INFO org.springframework.web.servlet.FrameworkServlet [http-nio-10300-exec-1] Completed initialization in 3 ms
2023-11-19 00:39:08,585 INFO com.zaxxer.hikari.HikariDataSource [pool-1-thread-9] HikariPool-1 - Starting...
2023-11-19 00:39:09,370 INFO com.zaxxer.hikari.HikariDataSource [pool-1-thread-9] HikariPool-1 - Start completed.
2023-11-19 00:40:16,339 INFO com.zaxxer.hikari.HikariDataSource [SpringApplicationShutdownHook] HikariPool-1 - Shutdown initiated...
2023-11-19 00:40:16,341 INFO com.zaxxer.hikari.HikariDataSource [SpringApplicationShutdownHook] HikariPool-1 - Shutdown completed.
2023-11-19 00:40:17,861 INFO org.hibernate.validator.internal.util.Version [background-preinit] HV000001: Hibernate Validator 6.2.0.Final
2023-11-19 00:40:17,862 INFO org.springframework.boot.StartupInfoLogger [main] Starting BackendApplication using Java 20.0.2.1 on Puranjais-MacBook-Pro.local with PID 82678 (/Users/puranjaigarg/projects/usfca/logviz/logviz-backend/target/classes started by puranjaigarg in /Users/puranjaigarg/projects/usfca/logviz/logviz-backend)
2023-11-19 00:40:17,862 INFO org.springframework.boot.SpringApplication [main] The following profiles are active: dev
2023-11-19 00:40:18,379 INFO org.springframework.boot.web.embedded.tomcat.TomcatWebServer [main] Tomcat initialized with port(s): 10300 (http)
2023-11-19 00:40:18,382 INFO org.apache.juli.logging.DirectJDKLog [main] Initializing ProtocolHandler ["http-nio-10300"]
2023-11-19 00:40:18,382 INFO org.apache.juli.logging.DirectJDKLog [main] Starting service [Tomcat]
2023-11-19 00:40:18,382 INFO org.apache.juli.logging.DirectJDKLog [main] Starting Servlet engine: [Apache Tomcat/9.0.54]
2023-11-19 00:40:18,423 INFO org.apache.juli.logging.DirectJDKLog [main] Initializing Spring embedded WebApplicationContext
2023-11-19 00:40:18,423 INFO org.springframework.boot.web.servlet.context.ServletWebServerApplicationContext [main] Root WebApplicationContext: initialization completed in 545 ms
2023-11-19 00:40:18,745 INFO org.springframework.boot.autoconfigure.security.servlet.UserDetailsServiceAutoConfiguration [main] 

Using generated security password: 8b262264-f028-4605-ad26-226df36e1195

2023-11-19 00:40:18,783 INFO org.springframework.security.web.DefaultSecurityFilterChain [main] Will secure any request with [org.springframework.security.web.context.request.async.WebAsyncManagerIntegrationFilter@79c4f23b, org.springframework.security.web.context.SecurityContextPersistenceFilter@669c2b07, org.springframework.security.web.header.HeaderWriterFilter@12a6e8ed, org.springframework.web.filter.CorsFilter@160c7c42, org.springframework.security.web.authentication.logout.LogoutFilter@794d28a3, org.springframework.security.web.savedrequest.RequestCacheAwareFilter@3f4a605f, org.springframework.security.web.servletapi.SecurityContextHolderAwareRequestFilter@1328f482, org.springframework.security.web.authentication.AnonymousAuthenticationFilter@15371de2, org.springframework.security.web.session.SessionManagementFilter@7a117dc2, org.springframework.security.web.access.ExceptionTranslationFilter@5fa5c8cf]
2023-11-19 00:40:18,884 INFO org.apache.juli.logging.DirectJDKLog [main] Starting ProtocolHandler ["http-nio-10300"]
2023-11-19 00:40:18,891 INFO org.springframework.boot.web.embedded.tomcat.TomcatWebServer [main] Tomcat started on port(s): 10300 (http) with context path '/data-service'
2023-11-19 00:40:18,966 INFO org.springframework.boot.StartupInfoLogger [main] Started BackendApplication in 1.256 seconds (JVM running for 1.495)
2023-11-19 00:40:25,326 INFO org.apache.juli.logging.DirectJDKLog [http-nio-10300-exec-1] Initializing Spring DispatcherServlet 'dispatcherServlet'
2023-11-19 00:40:25,326 INFO org.springframework.web.servlet.FrameworkServlet [http-nio-10300-exec-1] Initializing Servlet 'dispatcherServlet'
2023-11-19 00:40:25,328 INFO org.springframework.web.servlet.FrameworkServlet [http-nio-10300-exec-1] Completed initialization in 2 ms
2023-11-19 00:40:25,370 INFO com.zaxxer.hikari.HikariDataSource [pool-1-thread-1] HikariPool-1 - Starting...
2023-11-19 00:40:26,160 INFO com.zaxxer.hikari.HikariDataSource [pool-1-thread-1] HikariPool-1 - Start completed.
